app/build/intermediates/manifest_merge_blame_file/release/manifest-merger-blame-release-report.txt
1<?xml version="1.0" encoding="utf-8"?>
2<manifest xmlns:android="http://schemas.android.com/apk/res/android"
3    package="com.github.tvbox.drpy2"
4    android:versionCode="3072"
5    android:versionName="1.4" >
6
7    <uses-sdk
8        android:minSdkVersion="16"
8-->src\main\AndroidManifest.xml
9        android:targetSdkVersion="26" />
9-->src\main\AndroidManifest.xml
10
11    <uses-feature
11-->src\main\AndroidManifest.xml:6:5-8:36
12        android:name="android.hardware.touchscreen"
12-->src\main\AndroidManifest.xml:7:9-52
13        android:required="false" />
13-->src\main\AndroidManifest.xml:8:9-33
14    <uses-feature
14-->src\main\AndroidManifest.xml:9:5-11:36
15        android:name="android.software.leanback"
15-->src\main\AndroidManifest.xml:10:9-49
16        android:required="false" />
16-->src\main\AndroidManifest.xml:11:9-33
17
18    <uses-permission android:name="android.permission.ACCESS_NETWORK_STATE" />
18-->src\main\AndroidManifest.xml:13:5-79
18-->src\main\AndroidManifest.xml:13:22-76
19    <uses-permission android:name="android.permission.ACCESS_NETWORK_STATE" />
19-->src\main\AndroidManifest.xml:13:5-79
19-->src\main\AndroidManifest.xml:13:22-76
20    <uses-permission android:name="android.permission.INTERNET" />
20-->src\main\AndroidManifest.xml:15:5-67
20-->src\main\AndroidManifest.xml:15:22-64
21    <uses-permission android:name="android.permission.ACCESS_NETWORK_STATE" />
21-->src\main\AndroidManifest.xml:13:5-79
21-->src\main\AndroidManifest.xml:13:22-76
22    <uses-permission android:name="android.permission.ACCESS_WIFI_STATE" />
22-->src\main\AndroidManifest.xml:17:5-76
22-->src\main\AndroidManifest.xml:17:22-73
23    <uses-permission android:name="android.permission.CHANGE_WIFI_MULTICAST_STATE" />
23-->src\main\AndroidManifest.xml:18:5-19:43
23-->src\main\AndroidManifest.xml:18:22-83
24    <uses-permission android:name="android.permission.READ_EXTERNAL_STORAGE" />
24-->src\main\AndroidManifest.xml:20:5-80
24-->src\main\AndroidManifest.xml:20:22-77
25    <uses-permission android:name="android.permission.WRITE_EXTERNAL_STORAGE" />
25-->src\main\AndroidManifest.xml:21:5-81
25-->src\main\AndroidManifest.xml:21:22-78
26    <uses-permission android:name="android.permission.REQUEST_IGNORE_BATTERY_OPTIMIZATIONS" /> <!-- 电池优化权限 -->
26-->src\main\AndroidManifest.xml:23:5-95
26-->src\main\AndroidManifest.xml:23:22-92
27    <uses-permission android:name="android.permission.REQUEST_INSTALL_PACKAGES" /> <!-- apk安装权限 -->
27-->src\main\AndroidManifest.xml:24:5-83
27-->src\main\AndroidManifest.xml:24:22-80
28    <uses-permission android:name="android.permission.WAKE_LOCK" />
28-->src\main\AndroidManifest.xml:25:5-68
28-->src\main\AndroidManifest.xml:25:22-65
29    <uses-permission android:name="android.permission.FOREGROUND_SERVICE" />
29-->src\main\AndroidManifest.xml:26:5-77
29-->src\main\AndroidManifest.xml:26:22-74
30    <uses-permission android:name="android.permission.MOUNT_UNMOUNT_FILESYSTEMS" />
30-->[com.lzy.net:okgo:3.0.4] AndroidManifest.xml:29:5-84
30-->[com.lzy.net:okgo:3.0.4] AndroidManifest.xml:29:22-81
31
32    <application
32-->src\main\AndroidManifest.xml:28:5-131:19
33        android:name="com.github.tvbox.osc.base.App"
33-->src\main\AndroidManifest.xml:29:9-33
34        android:allowBackup="true"
34-->src\main\AndroidManifest.xml:30:9-35
35        android:appComponentFactory="androidx.core.app.CoreComponentFactory"
35-->[androidx.core:core:1.6.0] AndroidManifest.xml:24:18-86
36        android:banner="@drawable/app_banner"
36-->src\main\AndroidManifest.xml:34:9-46
37        android:configChanges="orientation|keyboardHidden|screenSize"
37-->src\main\AndroidManifest.xml:31:9-70
38        android:extractNativeLibs="true"
38-->src\main\AndroidManifest.xml:39:9-41
39        android:hardwareAccelerated="true"
39-->src\main\AndroidManifest.xml:32:9-43
40        android:icon="@drawable/app_icon"
40-->src\main\AndroidManifest.xml:33:9-42
41        android:label="@string/app_name"
41-->src\main\AndroidManifest.xml:35:9-41
42        android:largeHeap="true"
42-->src\main\AndroidManifest.xml:36:9-33
43        android:networkSecurityConfig="@xml/network_security_config"
43-->src\main\AndroidManifest.xml:37:9-69
44        android:supportsRtl="true"
44-->src\main\AndroidManifest.xml:38:9-35
45        android:theme="@style/AppTheme.NoActionBar"
45-->src\main\AndroidManifest.xml:40:9-52
46        android:usesCleartextTraffic="true" >
46-->src\main\AndroidManifest.xml:41:9-44
47        <activity
47-->src\main\AndroidManifest.xml:44:9-53:20
48            android:name="com.github.tvbox.osc.ui.activity.HomeActivity"
48-->src\main\AndroidManifest.xml:45:13-53
49            android:screenOrientation="sensorLandscape" >
49-->src\main\AndroidManifest.xml:46:13-56
50            <intent-filter>
50-->src\main\AndroidManifest.xml:47:13-52:29
51                <action android:name="android.intent.action.MAIN" />
51-->src\main\AndroidManifest.xml:48:17-69
51-->src\main\AndroidManifest.xml:48:25-66
52
53                <category android:name="android.intent.category.LAUNCHER" />
53-->src\main\AndroidManifest.xml:50:17-77
53-->src\main\AndroidManifest.xml:50:27-74
54                <category android:name="android.intent.category.LEANBACK_LAUNCHER" />
54-->src\main\AndroidManifest.xml:51:17-86
54-->src\main\AndroidManifest.xml:51:27-83
55            </intent-filter>
56        </activity>
57        <activity
57-->src\main\AndroidManifest.xml:55:9-60:94
58            android:name="com.github.tvbox.osc.ui.activity.LivePlayActivity"
58-->src\main\AndroidManifest.xml:56:13-57
59            android:configChanges="screenSize|smallestScreenSize|screenLayout|orientation"
59-->src\main\AndroidManifest.xml:60:13-91
60            android:screenOrientation="sensorLandscape"
60-->src\main\AndroidManifest.xml:58:13-56
61            android:supportsPictureInPicture="true"
61-->src\main\AndroidManifest.xml:59:13-52
62            android:theme="@style/AppTheme.NoActionBar" />
62-->src\main\AndroidManifest.xml:57:13-56
63        <activity
63-->src\main\AndroidManifest.xml:61:9-66:94
64            android:name="com.github.tvbox.osc.ui.activity.DetailActivity"
64-->src\main\AndroidManifest.xml:62:13-55
65            android:configChanges="screenSize|smallestScreenSize|screenLayout|orientation"
65-->src\main\AndroidManifest.xml:66:13-91
66            android:screenOrientation="sensorLandscape"
66-->src\main\AndroidManifest.xml:64:13-56
67            android:supportsPictureInPicture="true"
67-->src\main\AndroidManifest.xml:65:13-52
68            android:theme="@style/AppTheme.ActionBar" />
68-->src\main\AndroidManifest.xml:63:13-54
69        <activity
69-->src\main\AndroidManifest.xml:67:9-72:94
70            android:name="com.github.tvbox.osc.ui.activity.PlayActivity"
70-->src\main\AndroidManifest.xml:68:13-53
71            android:configChanges="screenSize|smallestScreenSize|screenLayout|orientation"
71-->src\main\AndroidManifest.xml:72:13-91
72            android:screenOrientation="sensorLandscape"
72-->src\main\AndroidManifest.xml:70:13-56
73            android:supportsPictureInPicture="true"
73-->src\main\AndroidManifest.xml:71:13-52
74            android:theme="@style/AppTheme.NoActionBar" />
74-->src\main\AndroidManifest.xml:69:13-56
75        <activity
75-->src\main\AndroidManifest.xml:73:9-75:59
76            android:name="com.github.tvbox.osc.ui.activity.PushActivity"
76-->src\main\AndroidManifest.xml:74:13-53
77            android:screenOrientation="sensorLandscape" />
77-->src\main\AndroidManifest.xml:75:13-56
78        <activity
78-->src\main\AndroidManifest.xml:76:9-79:59
79            android:name="com.github.tvbox.osc.ui.activity.SearchActivity"
79-->src\main\AndroidManifest.xml:77:13-55
80            android:screenOrientation="sensorLandscape"
80-->src\main\AndroidManifest.xml:79:13-56
81            android:windowSoftInputMode="stateHidden" />
81-->src\main\AndroidManifest.xml:78:13-54
82        <activity
82-->src\main\AndroidManifest.xml:80:9-83:59
83            android:name="com.github.tvbox.osc.ui.activity.FastSearchActivity"
83-->src\main\AndroidManifest.xml:81:13-59
84            android:screenOrientation="sensorLandscape"
84-->src\main\AndroidManifest.xml:83:13-56
85            android:windowSoftInputMode="stateHidden" />
85-->src\main\AndroidManifest.xml:82:13-54
86        <activity
86-->src\main\AndroidManifest.xml:84:9-86:59
87            android:name="com.github.tvbox.osc.ui.activity.DriveActivity"
87-->src\main\AndroidManifest.xml:85:13-54
88            android:screenOrientation="sensorLandscape" />
88-->src\main\AndroidManifest.xml:86:13-56
89        <activity
89-->src\main\AndroidManifest.xml:87:9-89:59
90            android:name="com.github.tvbox.osc.ui.activity.SettingActivity"
90-->src\main\AndroidManifest.xml:88:13-56
91            android:screenOrientation="sensorLandscape" />
91-->src\main\AndroidManifest.xml:89:13-56
92        <activity
92-->src\main\AndroidManifest.xml:90:9-92:59
93            android:name="com.github.tvbox.osc.ui.activity.HistoryActivity"
93-->src\main\AndroidManifest.xml:91:13-56
94            android:screenOrientation="sensorLandscape" />
94-->src\main\AndroidManifest.xml:92:13-56
95        <activity
95-->src\main\AndroidManifest.xml:93:9-95:59
96            android:name="com.github.tvbox.osc.ui.activity.CollectActivity"
96-->src\main\AndroidManifest.xml:94:13-56
97            android:screenOrientation="sensorLandscape" />
97-->src\main\AndroidManifest.xml:95:13-56
98
99        <receiver android:name="com.github.tvbox.osc.receiver.SearchReceiver" >
99-->src\main\AndroidManifest.xml:97:9-101:20
99-->src\main\AndroidManifest.xml:97:19-58
100            <intent-filter>
100-->src\main\AndroidManifest.xml:98:13-100:29
101                <action android:name="android.content.movie.search.Action" />
101-->src\main\AndroidManifest.xml:99:17-78
101-->src\main\AndroidManifest.xml:99:25-75
102            </intent-filter>
103        </receiver>
104        <receiver android:name="com.github.tvbox.osc.receiver.CustomWebReceiver" >
104-->src\main\AndroidManifest.xml:102:9-106:20
104-->src\main\AndroidManifest.xml:102:19-61
105            <intent-filter>
105-->src\main\AndroidManifest.xml:103:13-105:29
106                <action android:name="android.content.movie.custom.web.Action" />
106-->src\main\AndroidManifest.xml:104:17-82
106-->src\main\AndroidManifest.xml:104:25-79
107            </intent-filter>
108        </receiver>
109
110        <provider
111            android:name="androidx.core.content.FileProvider"
111-->src\main\AndroidManifest.xml:109:13-62
112            android:authorities="com.github.tvbox.drpy2.fileprovider"
112-->src\main\AndroidManifest.xml:110:13-64
113            android:exported="false"
113-->src\main\AndroidManifest.xml:111:13-37
114            android:grantUriPermissions="true" >
114-->src\main\AndroidManifest.xml:112:13-47
115            <meta-data
115-->src\main\AndroidManifest.xml:113:13-115:54
116                android:name="android.support.FILE_PROVIDER_PATHS"
116-->src\main\AndroidManifest.xml:114:17-67
117                android:resource="@xml/file_paths" />
117-->src\main\AndroidManifest.xml:115:17-51
118        </provider>
119
120        <meta-data
120-->src\main\AndroidManifest.xml:118:9-120:36
121            android:name="design_width_in_dp"
121-->src\main\AndroidManifest.xml:119:13-46
122            android:value="1280" />
122-->src\main\AndroidManifest.xml:120:13-33
123        <meta-data
123-->src\main\AndroidManifest.xml:121:9-123:35
124            android:name="design_height_in_dp"
124-->src\main\AndroidManifest.xml:122:13-47
125            android:value="720" />
125-->src\main\AndroidManifest.xml:123:13-32
126        <meta-data
126-->src\main\AndroidManifest.xml:125:9-127:38
127            android:name="xwalk_enable_download_mode"
127-->src\main\AndroidManifest.xml:126:13-54
128            android:value="enable" />
128-->src\main\AndroidManifest.xml:127:13-35
129        <meta-data
129-->src\main\AndroidManifest.xml:128:9-130:39
130            android:name="xwalk_verify"
130-->src\main\AndroidManifest.xml:129:13-40
131            android:value="disable" />
131-->src\main\AndroidManifest.xml:130:13-36
132
133        <service
133-->[androidx.room:room-runtime:2.3.0] AndroidManifest.xml:25:9-28:40
134            android:name="androidx.room.MultiInstanceInvalidationService"
134-->[androidx.room:room-runtime:2.3.0] AndroidManifest.xml:26:13-74
135            android:directBootAware="true"
135-->[androidx.room:room-runtime:2.3.0] AndroidManifest.xml:27:13-43
136            android:exported="false" />
136-->[androidx.room:room-runtime:2.3.0] AndroidManifest.xml:28:13-37
137
138        <provider
138-->[com.squareup.picasso:picasso:2.71828] AndroidManifest.xml:8:9-11:40
139            android:name="com.squareup.picasso.PicassoProvider"
139-->[com.squareup.picasso:picasso:2.71828] AndroidManifest.xml:9:13-64
140            android:authorities="com.github.tvbox.drpy2.com.squareup.picasso"
140-->[com.squareup.picasso:picasso:2.71828] AndroidManifest.xml:10:13-72
141            android:exported="false" />
141-->[com.squareup.picasso:picasso:2.71828] AndroidManifest.xml:11:13-37
142        <provider
142-->[me.jessyan:autosize:1.2.1] AndroidManifest.xml:12:9-16:43
143            android:name="me.jessyan.autosize.InitProvider"
143-->[me.jessyan:autosize:1.2.1] AndroidManifest.xml:13:13-60
144            android:authorities="com.github.tvbox.drpy2.autosize-init-provider"
144-->[me.jessyan:autosize:1.2.1] AndroidManifest.xml:14:13-74
145            android:exported="false"
145-->[me.jessyan:autosize:1.2.1] AndroidManifest.xml:15:13-37
146            android:multiprocess="true" />
146-->[me.jessyan:autosize:1.2.1] AndroidManifest.xml:16:13-40
147        <provider
147-->[androidx.lifecycle:lifecycle-process:2.2.0] AndroidManifest.xml:25:9-29:43
148            android:name="androidx.lifecycle.ProcessLifecycleOwnerInitializer"
148-->[androidx.lifecycle:lifecycle-process:2.2.0] AndroidManifest.xml:26:13-79
149            android:authorities="com.github.tvbox.drpy2.lifecycle-process"
149-->[androidx.lifecycle:lifecycle-process:2.2.0] AndroidManifest.xml:27:13-69
150            android:exported="false"
150-->[androidx.lifecycle:lifecycle-process:2.2.0] AndroidManifest.xml:28:13-37
151            android:multiprocess="true" />
151-->[androidx.lifecycle:lifecycle-process:2.2.0] AndroidManifest.xml:29:13-40
152
153        <activity
153-->[com.github.hedzr:android-file-chooser:v1.2.0-final] AndroidManifest.xml:12:9-15:56
154            android:name="com.obsez.android.lib.filechooser.permissions.PermissionActivity"
154-->[com.github.hedzr:android-file-chooser:v1.2.0-final] AndroidManifest.xml:13:13-92
155            android:label=""
155-->[com.github.hedzr:android-file-chooser:v1.2.0-final] AndroidManifest.xml:14:13-29
156            android:theme="@style/Theme.Transparent" />
156-->[com.github.hedzr:android-file-chooser:v1.2.0-final] AndroidManifest.xml:15:13-53
157    </application>
158
159</manifest>